<?xml version="1.0" encoding="UTF-8"?>
<testsuite xmlns:xsi="http://www.w3.org/2001/XMLSchema-instance" xsi:noNamespaceSchemaLocation="https://maven.apache.org/surefire/maven-surefire-plugin/xsd/surefire-test-report-3.0.xsd" version="3.0" name="com.sap.ase.poker.smokeTests.RaiseSmokeTest" time="3.061" tests="4" errors="0" skipped="0" failures="0">
  <properties>
[...]
</properties>
  <testcase name="raise_shouldFail_ifExceedsOtherPlayersCash" classname="com.sap.ase.poker.smokeTests.RaiseSmokeTest" time="0.006">
    <system-out><![CDATA[2024-03-06T13:47:38.006+05:30  INFO 16728 --- [           main] t.c.s.AnnotationConfigContextLoaderUtils : Could not detect default configuration classes for test class [com.sap.ase.poker.smokeTests.RaiseSmokeTest]: RaiseSmokeTest does not declare any static, non-private, non-final, nested classes annotated with @Configuration.
2024-03-06T13:47:38.008+05:30  INFO 16728 --- [           main] .b.t.c.SpringBootTestContextBootstrapper : Found @SpringBootConfiguration com.sap.ase.poker.PokerBootApplication for test class com.sap.ase.poker.smokeTests.RaiseSmokeTest

  .   ____          _            __ _ _
 /\\ / ___'_ __ _ _(_)_ __  __ _ \ \ \ \
( ( )\___ | '_ | '_| | '_ \/ _` | \ \ \ \
 \\/  ___)| |_)| | | | | || (_| |  ) ) ) )
  '  |____| .__|_| |_|_| |_\__, | / / / /
 =========|_|==============|___/=/_/_/_/
 :: Spring Boot ::                (v3.1.1)

2024-03-06T13:47:38.031+05:30  INFO 16728 --- [           main] c.s.ase.poker.smokeTests.RaiseSmokeTest  : Starting RaiseSmokeTest using Java 21.0.1 with PID 16728 (started by I571952 in C:\Users\I571952\Desktop\Classroom Training\poker-app-java)
2024-03-06T13:47:38.032+05:30  INFO 16728 --- [           main] c.s.ase.poker.smokeTests.RaiseSmokeTest  : No active profile set, falling back to 1 default profile: "default"
2024-03-06T13:47:38.736+05:30  INFO 16728 --- [           main] o.s.s.web.DefaultSecurityFilterChain     : Will secure any request with [org.springframework.security.web.session.DisableEncodeUrlFilter@3a3a93b3, org.springframework.security.web.context.request.async.WebAsyncManagerIntegrationFilter@2b4f99e5, org.springframework.security.web.context.SecurityContextHolderFilter@2622efb0, org.springframework.security.web.header.HeaderWriterFilter@4973aba1, org.springframework.security.web.authentication.logout.LogoutFilter@7a615950, com.sap.ase.poker.security.JsonUsernamePasswordAuthenticationFilter@1e594828, org.springframework.security.web.authentication.UsernamePasswordAuthenticationFilter@4a61f876, com.sap.ase.poker.security.JwtAuthenticationRequestFilter@5b3eb1dd, org.springframework.security.web.savedrequest.RequestCacheAwareFilter@2a830f73, org.springframework.security.web.servletapi.SecurityContextHolderAwareRequestFilter@7e798721, org.springframework.security.web.authentication.AnonymousAuthenticationFilter@35771602, org.springframework.security.web.session.SessionManagementFilter@425ee3ab, org.springframework.security.web.access.ExceptionTranslationFilter@156329de, org.springframework.security.web.access.intercept.AuthorizationFilter@7ad9ff43]
2024-03-06T13:47:38.753+05:30  INFO 16728 --- [           main] c.s.ase.poker.smokeTests.RaiseSmokeTest  : Started RaiseSmokeTest in 0.74 seconds (process running for 18.978)
Player joined the table: poker-alice
Player joined the table: wild-bill
]]></system-out>
  </testcase>
  <testcase name="raise_shouldFail_ExceedsPlayersCash" classname="com.sap.ase.poker.smokeTests.RaiseSmokeTest" time="0.006">
    <system-out><![CDATA[
  .   ____          _            __ _ _
 /\\ / ___'_ __ _ _(_)_ __  __ _ \ \ \ \
( ( )\___ | '_ | '_| | '_ \/ _` | \ \ \ \
 \\/  ___)| |_)| | | | | || (_| |  ) ) ) )
  '  |____| .__|_| |_|_| |_\__, | / / / /
 =========|_|==============|___/=/_/_/_/
 :: Spring Boot ::                (v3.1.1)

2024-03-06T13:47:38.778+05:30  INFO 16728 --- [           main] c.s.ase.poker.smokeTests.RaiseSmokeTest  : Starting RaiseSmokeTest using Java 21.0.1 with PID 16728 (started by I571952 in C:\Users\I571952\Desktop\Classroom Training\poker-app-java)
2024-03-06T13:47:38.779+05:30  INFO 16728 --- [           main] c.s.ase.poker.smokeTests.RaiseSmokeTest  : No active profile set, falling back to 1 default profile: "default"
2024-03-06T13:47:39.493+05:30  INFO 16728 --- [           main] o.s.s.web.DefaultSecurityFilterChain     : Will secure any request with [org.springframework.security.web.session.DisableEncodeUrlFilter@3369fe5c, org.springframework.security.web.context.request.async.WebAsyncManagerIntegrationFilter@101e75ab, org.springframework.security.web.context.SecurityContextHolderFilter@7c95b68c, org.springframework.security.web.header.HeaderWriterFilter@2daa7c93, org.springframework.security.web.authentication.logout.LogoutFilter@1e1298ca, com.sap.ase.poker.security.JsonUsernamePasswordAuthenticationFilter@20652a8b, org.springframework.security.web.authentication.UsernamePasswordAuthenticationFilter@39b7e568, com.sap.ase.poker.security.JwtAuthenticationRequestFilter@267f174a, org.springframework.security.web.savedrequest.RequestCacheAwareFilter@30ef7d06, org.springframework.security.web.servletapi.SecurityContextHolderAwareRequestFilter@4e5fd16c, org.springframework.security.web.authentication.AnonymousAuthenticationFilter@5a9886c7, org.springframework.security.web.session.SessionManagementFilter@736e4a59, org.springframework.security.web.access.ExceptionTranslationFilter@6125b27a, org.springframework.security.web.access.intercept.AuthorizationFilter@65babe35]
2024-03-06T13:47:39.519+05:30  INFO 16728 --- [           main] c.s.ase.poker.smokeTests.RaiseSmokeTest  : Started RaiseSmokeTest in 0.755 seconds (process running for 19.744)
Player joined the table: poker-alice
Player joined the table: wild-bill
]]></system-out>
  </testcase>
  <testcase name="raise_shouldRaiseBetOfPlayer" classname="com.sap.ase.poker.smokeTests.RaiseSmokeTest" time="0.003">
    <system-out><![CDATA[
  .   ____          _            __ _ _
 /\\ / ___'_ __ _ _(_)_ __  __ _ \ \ \ \
( ( )\___ | '_ | '_| | '_ \/ _` | \ \ \ \
 \\/  ___)| |_)| | | | | || (_| |  ) ) ) )
  '  |____| .__|_| |_|_| |_\__, | / / / /
 =========|_|==============|___/=/_/_/_/
 :: Spring Boot ::                (v3.1.1)

2024-03-06T13:47:39.554+05:30  INFO 16728 --- [           main] c.s.ase.poker.smokeTests.RaiseSmokeTest  : Starting RaiseSmokeTest using Java 21.0.1 with PID 16728 (started by I571952 in C:\Users\I571952\Desktop\Classroom Training\poker-app-java)
2024-03-06T13:47:39.554+05:30  INFO 16728 --- [           main] c.s.ase.poker.smokeTests.RaiseSmokeTest  : No active profile set, falling back to 1 default profile: "default"
2024-03-06T13:47:40.273+05:30  INFO 16728 --- [           main] o.s.s.web.DefaultSecurityFilterChain     : Will secure any request with [org.springframework.security.web.session.DisableEncodeUrlFilter@3c193a5a, org.springframework.security.web.context.request.async.WebAsyncManagerIntegrationFilter@7cd3c0c, org.springframework.security.web.context.SecurityContextHolderFilter@2bfaa2d0, org.springframework.security.web.header.HeaderWriterFilter@36472c2c, org.springframework.security.web.authentication.logout.LogoutFilter@10869e92, com.sap.ase.poker.security.JsonUsernamePasswordAuthenticationFilter@46d9c49, org.springframework.security.web.authentication.UsernamePasswordAuthenticationFilter@18cf55df, com.sap.ase.poker.security.JwtAuthenticationRequestFilter@66ee50b6, org.springframework.security.web.savedrequest.RequestCacheAwareFilter@422790a1, org.springframework.security.web.servletapi.SecurityContextHolderAwareRequestFilter@4d8ee285, org.springframework.security.web.authentication.AnonymousAuthenticationFilter@13d06ddb, org.springframework.security.web.session.SessionManagementFilter@2d01c709, org.springframework.security.web.access.ExceptionTranslationFilter@a6c6b0d, org.springframework.security.web.access.intercept.AuthorizationFilter@547aeb2f]
2024-03-06T13:47:40.288+05:30  INFO 16728 --- [           main] c.s.ase.poker.smokeTests.RaiseSmokeTest  : Started RaiseSmokeTest in 0.759 seconds (process running for 20.513)
Player joined the table: poker-alice
Player joined the table: wild-bill
]]></system-out>
  </testcase>
  <testcase name="raise_shouldRaiseBetOfPlayer_IfHigherThanPreviousRaise" classname="com.sap.ase.poker.smokeTests.RaiseSmokeTest" time="0.005">
    <system-out><![CDATA[
  .   ____          _            __ _ _
 /\\ / ___'_ __ _ _(_)_ __  __ _ \ \ \ \
( ( )\___ | '_ | '_| | '_ \/ _` | \ \ \ \
 \\/  ___)| |_)| | | | | || (_| |  ) ) ) )
  '  |____| .__|_| |_|_| |_\__, | / / / /
 =========|_|==============|___/=/_/_/_/
 :: Spring Boot ::                (v3.1.1)

2024-03-06T13:47:40.311+05:30  INFO 16728 --- [           main] c.s.ase.poker.smokeTests.RaiseSmokeTest  : Starting RaiseSmokeTest using Java 21.0.1 with PID 16728 (started by I571952 in C:\Users\I571952\Desktop\Classroom Training\poker-app-java)
2024-03-06T13:47:40.311+05:30  INFO 16728 --- [           main] c.s.ase.poker.smokeTests.RaiseSmokeTest  : No active profile set, falling back to 1 default profile: "default"
2024-03-06T13:47:41.043+05:30  INFO 16728 --- [           main] o.s.s.web.DefaultSecurityFilterChain     : Will secure any request with [org.springframework.security.web.session.DisableEncodeUrlFilter@1962d811, org.springframework.security.web.context.request.async.WebAsyncManagerIntegrationFilter@1e2abb0c, org.springframework.security.web.context.SecurityContextHolderFilter@3068f882, org.springframework.security.web.header.HeaderWriterFilter@2ef8ef17, org.springframework.security.web.authentication.logout.LogoutFilter@13e771e6, com.sap.ase.poker.security.JsonUsernamePasswordAuthenticationFilter@357528cf, org.springframework.security.web.authentication.UsernamePasswordAuthenticationFilter@3122e792, com.sap.ase.poker.security.JwtAuthenticationRequestFilter@13cd4784, org.springframework.security.web.savedrequest.RequestCacheAwareFilter@40c952f6, org.springframework.security.web.servletapi.SecurityContextHolderAwareRequestFilter@29a08daf, org.springframework.security.web.authentication.AnonymousAuthenticationFilter@1ce0a7bc, org.springframework.security.web.session.SessionManagementFilter@5a52e060, org.springframework.security.web.access.ExceptionTranslationFilter@1a3d4d94, org.springframework.security.web.access.intercept.AuthorizationFilter@34d3f4e2]
2024-03-06T13:47:41.060+05:30  INFO 16728 --- [           main] c.s.ase.poker.smokeTests.RaiseSmokeTest  : Started RaiseSmokeTest in 0.763 seconds (process running for 21.284)
Player joined the table: poker-alice
Player joined the table: wild-bill
]]></system-out>
  </testcase>
</testsuite>