<?xml version="1.0" encoding="UTF-8"?>
<testsuite xmlns:xsi="http://www.w3.org/2001/XMLSchema-instance" xsi:noNamespaceSchemaLocation="https://maven.apache.org/surefire/maven-surefire-plugin/xsd/surefire-test-report-3.0.xsd" version="3.0" name="com.sap.ase.poker.smokeTests.GameProgressionSmokeTest" time="3.117" tests="4" errors="0" skipped="0" failures="0">
  <properties>
[...]
</properties>
  <testcase name="startGame_shouldStartGame" classname="com.sap.ase.poker.smokeTests.GameProgressionSmokeTest" time="0.006">
    <system-out><![CDATA[2024-03-06T13:47:34.887+05:30  INFO 16728 --- [           main] t.c.s.AnnotationConfigContextLoaderUtils : Could not detect default configuration classes for test class [com.sap.ase.poker.smokeTests.GameProgressionSmokeTest]: GameProgressionSmokeTest does not declare any static, non-private, non-final, nested classes annotated with @Configuration.
2024-03-06T13:47:34.889+05:30  INFO 16728 --- [           main] .b.t.c.SpringBootTestContextBootstrapper : Found @SpringBootConfiguration com.sap.ase.poker.PokerBootApplication for test class com.sap.ase.poker.smokeTests.GameProgressionSmokeTest

  .   ____          _            __ _ _
 /\\ / ___'_ __ _ _(_)_ __  __ _ \ \ \ \
( ( )\___ | '_ | '_| | '_ \/ _` | \ \ \ \
 \\/  ___)| |_)| | | | | || (_| |  ) ) ) )
  '  |____| .__|_| |_|_| |_\__, | / / / /
 =========|_|==============|___/=/_/_/_/
 :: Spring Boot ::                (v3.1.1)

2024-03-06T13:47:34.916+05:30  INFO 16728 --- [           main] c.s.a.p.s.GameProgressionSmokeTest       : Starting GameProgressionSmokeTest using Java 21.0.1 with PID 16728 (started by I571952 in C:\Users\I571952\Desktop\Classroom Training\poker-app-java)
2024-03-06T13:47:34.917+05:30  INFO 16728 --- [           main] c.s.a.p.s.GameProgressionSmokeTest       : No active profile set, falling back to 1 default profile: "default"
2024-03-06T13:47:35.667+05:30  INFO 16728 --- [           main] o.s.s.web.DefaultSecurityFilterChain     : Will secure any request with [org.springframework.security.web.session.DisableEncodeUrlFilter@45ba21bc, org.springframework.security.web.context.request.async.WebAsyncManagerIntegrationFilter@3ca1f0a4, org.springframework.security.web.context.SecurityContextHolderFilter@6028b018, org.springframework.security.web.header.HeaderWriterFilter@729cb7b, org.springframework.security.web.authentication.logout.LogoutFilter@1c8ab147, com.sap.ase.poker.security.JsonUsernamePasswordAuthenticationFilter@4d2cd74, org.springframework.security.web.authentication.UsernamePasswordAuthenticationFilter@c73b9fc, com.sap.ase.poker.security.JwtAuthenticationRequestFilter@157f284b, org.springframework.security.web.savedrequest.RequestCacheAwareFilter@2e47ec5e, org.springframework.security.web.servletapi.SecurityContextHolderAwareRequestFilter@67fc98fe, org.springframework.security.web.authentication.AnonymousAuthenticationFilter@15c5c99, org.springframework.security.web.session.SessionManagementFilter@9bd7c1, org.springframework.security.web.access.ExceptionTranslationFilter@da87122, org.springframework.security.web.access.intercept.AuthorizationFilter@e86c9a5]
2024-03-06T13:47:35.684+05:30  INFO 16728 --- [           main] c.s.a.p.s.GameProgressionSmokeTest       : Started GameProgressionSmokeTest in 0.789 seconds (process running for 15.909)
Player joined the table: poker-alice
Player joined the table: wild-bill
]]></system-out>
  </testcase>
  <testcase name="gameShouldBeOpenInitially" classname="com.sap.ase.poker.smokeTests.GameProgressionSmokeTest" time="0.002">
    <system-out><![CDATA[
  .   ____          _            __ _ _
 /\\ / ___'_ __ _ _(_)_ __  __ _ \ \ \ \
( ( )\___ | '_ | '_| | '_ \/ _` | \ \ \ \
 \\/  ___)| |_)| | | | | || (_| |  ) ) ) )
  '  |____| .__|_| |_|_| |_\__, | / / / /
 =========|_|==============|___/=/_/_/_/
 :: Spring Boot ::                (v3.1.1)

2024-03-06T13:47:35.715+05:30  INFO 16728 --- [           main] c.s.a.p.s.GameProgressionSmokeTest       : Starting GameProgressionSmokeTest using Java 21.0.1 with PID 16728 (started by I571952 in C:\Users\I571952\Desktop\Classroom Training\poker-app-java)
2024-03-06T13:47:35.715+05:30  INFO 16728 --- [           main] c.s.a.p.s.GameProgressionSmokeTest       : No active profile set, falling back to 1 default profile: "default"
2024-03-06T13:47:36.430+05:30  INFO 16728 --- [           main] o.s.s.web.DefaultSecurityFilterChain     : Will secure any request with [org.springframework.security.web.session.DisableEncodeUrlFilter@67054b2e, org.springframework.security.web.context.request.async.WebAsyncManagerIntegrationFilter@2534b0d9, org.springframework.security.web.context.SecurityContextHolderFilter@48313ada, org.springframework.security.web.header.HeaderWriterFilter@27564996, org.springframework.security.web.authentication.logout.LogoutFilter@7c705090, com.sap.ase.poker.security.JsonUsernamePasswordAuthenticationFilter@7a8ea, org.springframework.security.web.authentication.UsernamePasswordAuthenticationFilter@198f7c5f, com.sap.ase.poker.security.JwtAuthenticationRequestFilter@62885131, org.springframework.security.web.savedrequest.RequestCacheAwareFilter@8b5de1b, org.springframework.security.web.servletapi.SecurityContextHolderAwareRequestFilter@1dba3c62, org.springframework.security.web.authentication.AnonymousAuthenticationFilter@2f193a75, org.springframework.security.web.session.SessionManagementFilter@18870976, org.springframework.security.web.access.ExceptionTranslationFilter@3a0f497e, org.springframework.security.web.access.intercept.AuthorizationFilter@1606721f]
2024-03-06T13:47:36.447+05:30  INFO 16728 --- [           main] c.s.a.p.s.GameProgressionSmokeTest       : Started GameProgressionSmokeTest in 0.752 seconds (process running for 16.672)
]]></system-out>
  </testcase>
  <testcase name="playerActionsShouldProgressGameState" classname="com.sap.ase.poker.smokeTests.GameProgressionSmokeTest" time="0.02">
    <system-out><![CDATA[
  .   ____          _            __ _ _
 /\\ / ___'_ __ _ _(_)_ __  __ _ \ \ \ \
( ( )\___ | '_ | '_| | '_ \/ _` | \ \ \ \
 \\/  ___)| |_)| | | | | || (_| |  ) ) ) )
  '  |____| .__|_| |_|_| |_\__, | / / / /
 =========|_|==============|___/=/_/_/_/
 :: Spring Boot ::                (v3.1.1)

2024-03-06T13:47:36.466+05:30  INFO 16728 --- [           main] c.s.a.p.s.GameProgressionSmokeTest       : Starting GameProgressionSmokeTest using Java 21.0.1 with PID 16728 (started by I571952 in C:\Users\I571952\Desktop\Classroom Training\poker-app-java)
2024-03-06T13:47:36.466+05:30  INFO 16728 --- [           main] c.s.a.p.s.GameProgressionSmokeTest       : No active profile set, falling back to 1 default profile: "default"
2024-03-06T13:47:37.174+05:30  INFO 16728 --- [           main] o.s.s.web.DefaultSecurityFilterChain     : Will secure any request with [org.springframework.security.web.session.DisableEncodeUrlFilter@4260de0d, org.springframework.security.web.context.request.async.WebAsyncManagerIntegrationFilter@876686, org.springframework.security.web.context.SecurityContextHolderFilter@1772cc68, org.springframework.security.web.header.HeaderWriterFilter@55204c19, org.springframework.security.web.authentication.logout.LogoutFilter@2e1bbf2a, com.sap.ase.poker.security.JsonUsernamePasswordAuthenticationFilter@6e5b7446, org.springframework.security.web.authentication.UsernamePasswordAuthenticationFilter@3171c5e6, com.sap.ase.poker.security.JwtAuthenticationRequestFilter@513ad29e, org.springframework.security.web.savedrequest.RequestCacheAwareFilter@747c1f84, org.springframework.security.web.servletapi.SecurityContextHolderAwareRequestFilter@23ebd596, org.springframework.security.web.authentication.AnonymousAuthenticationFilter@15eefe02, org.springframework.security.web.session.SessionManagementFilter@7b3eea4e, org.springframework.security.web.access.ExceptionTranslationFilter@21084cbe, org.springframework.security.web.access.intercept.AuthorizationFilter@47b530e0]
2024-03-06T13:47:37.194+05:30  INFO 16728 --- [           main] c.s.a.p.s.GameProgressionSmokeTest       : Started GameProgressionSmokeTest in 0.741 seconds (process running for 17.419)
Player joined the table: poker-alice
Player joined the table: wild-bill
]]></system-out>
  </testcase>
  <testcase name="addPlayer_shouldAddNewPlayer" classname="com.sap.ase.poker.smokeTests.GameProgressionSmokeTest" time="0.006">
    <system-out><![CDATA[
  .   ____          _            __ _ _
 /\\ / ___'_ __ _ _(_)_ __  __ _ \ \ \ \
( ( )\___ | '_ | '_| | '_ \/ _` | \ \ \ \
 \\/  ___)| |_)| | | | | || (_| |  ) ) ) )
  '  |____| .__|_| |_|_| |_\__, | / / / /
 =========|_|==============|___/=/_/_/_/
 :: Spring Boot ::                (v3.1.1)

2024-03-06T13:47:37.241+05:30  INFO 16728 --- [           main] c.s.a.p.s.GameProgressionSmokeTest       : Starting GameProgressionSmokeTest using Java 21.0.1 with PID 16728 (started by I571952 in C:\Users\I571952\Desktop\Classroom Training\poker-app-java)
2024-03-06T13:47:37.242+05:30  INFO 16728 --- [           main] c.s.a.p.s.GameProgressionSmokeTest       : No active profile set, falling back to 1 default profile: "default"
2024-03-06T13:47:37.978+05:30  INFO 16728 --- [           main] o.s.s.web.DefaultSecurityFilterChain     : Will secure any request with [org.springframework.security.web.session.DisableEncodeUrlFilter@b106842, org.springframework.security.web.context.request.async.WebAsyncManagerIntegrationFilter@29c808c8, org.springframework.security.web.context.SecurityContextHolderFilter@6cee59d6, org.springframework.security.web.header.HeaderWriterFilter@770feaab, org.springframework.security.web.authentication.logout.LogoutFilter@7cfc6110, com.sap.ase.poker.security.JsonUsernamePasswordAuthenticationFilter@265b5f05, org.springframework.security.web.authentication.UsernamePasswordAuthenticationFilter@147b7f3c, com.sap.ase.poker.security.JwtAuthenticationRequestFilter@6916566d, org.springframework.security.web.savedrequest.RequestCacheAwareFilter@1cd9c2de, org.springframework.security.web.servletapi.SecurityContextHolderAwareRequestFilter@140b395c, org.springframework.security.web.authentication.AnonymousAuthenticationFilter@614c7175, org.springframework.security.web.session.SessionManagementFilter@2d3b708a, org.springframework.security.web.access.ExceptionTranslationFilter@3b4971c4, org.springframework.security.web.access.intercept.AuthorizationFilter@63ed8e2a]
2024-03-06T13:47:37.995+05:30  INFO 16728 --- [           main] c.s.a.p.s.GameProgressionSmokeTest       : Started GameProgressionSmokeTest in 0.775 seconds (process running for 18.219)
Player joined the table: poker-alice
Player joined the table: wild-bill
]]></system-out>
  </testcase>
</testsuite>