<?xml version="1.0" encoding="UTF-8"?>
<testsuite xmlns:xsi="http://www.w3.org/2001/XMLSchema-instance" xsi:noNamespaceSchemaLocation="https://maven.apache.org/surefire/maven-surefire-plugin/xsd/surefire-test-report-3.0.xsd" version="3.0" name="com.sap.ase.poker.smokeTests.CheckSmokeTest" time="3.505" tests="4" errors="0" skipped="0" failures="0">
  <properties>
[...]
</properties>
  <testcase name="check_shouldAdvancePlayer" classname="com.sap.ase.poker.smokeTests.CheckSmokeTest" time="0.062">
    <system-out><![CDATA[2024-03-06T13:47:29.733+05:30  INFO 16728 --- [           main] t.c.s.AnnotationConfigContextLoaderUtils : Could not detect default configuration classes for test class [com.sap.ase.poker.smokeTests.CheckSmokeTest]: CheckSmokeTest does not declare any static, non-private, non-final, nested classes annotated with @Configuration.
2024-03-06T13:47:29.737+05:30  INFO 16728 --- [           main] .b.t.c.SpringBootTestContextBootstrapper : Found @SpringBootConfiguration com.sap.ase.poker.PokerBootApplication for test class com.sap.ase.poker.smokeTests.CheckSmokeTest

  .   ____          _            __ _ _
 /\\ / ___'_ __ _ _(_)_ __  __ _ \ \ \ \
( ( )\___ | '_ | '_| | '_ \/ _` | \ \ \ \
 \\/  ___)| |_)| | | | | || (_| |  ) ) ) )
  '  |____| .__|_| |_|_| |_\__, | / / / /
 =========|_|==============|___/=/_/_/_/
 :: Spring Boot ::                (v3.1.1)

2024-03-06T13:47:29.799+05:30  INFO 16728 --- [           main] c.s.ase.poker.smokeTests.CheckSmokeTest  : Starting CheckSmokeTest using Java 21.0.1 with PID 16728 (started by I571952 in C:\Users\I571952\Desktop\Classroom Training\poker-app-java)
2024-03-06T13:47:29.799+05:30  INFO 16728 --- [           main] c.s.ase.poker.smokeTests.CheckSmokeTest  : No active profile set, falling back to 1 default profile: "default"
2024-03-06T13:47:30.594+05:30  INFO 16728 --- [           main] o.s.s.web.DefaultSecurityFilterChain     : Will secure any request with [org.springframework.security.web.session.DisableEncodeUrlFilter@3a96b5a1, org.springframework.security.web.context.request.async.WebAsyncManagerIntegrationFilter@5aa2168f, org.springframework.security.web.context.SecurityContextHolderFilter@532f568e, org.springframework.security.web.header.HeaderWriterFilter@1f1e4e04, org.springframework.security.web.authentication.logout.LogoutFilter@73d7b6b0, com.sap.ase.poker.security.JsonUsernamePasswordAuthenticationFilter@25b2d26a, org.springframework.security.web.authentication.UsernamePasswordAuthenticationFilter@74baefb0, com.sap.ase.poker.security.JwtAuthenticationRequestFilter@6d67e03, org.springframework.security.web.savedrequest.RequestCacheAwareFilter@dd3586e, org.springframework.security.web.servletapi.SecurityContextHolderAwareRequestFilter@605049be, org.springframework.security.web.authentication.AnonymousAuthenticationFilter@962e8c5, org.springframework.security.web.session.SessionManagementFilter@4a5e1a3a, org.springframework.security.web.access.ExceptionTranslationFilter@47d32e33, org.springframework.security.web.access.intercept.AuthorizationFilter@62f2811]
2024-03-06T13:47:30.619+05:30  INFO 16728 --- [           main] c.s.ase.poker.smokeTests.CheckSmokeTest  : Started CheckSmokeTest in 0.876 seconds (process running for 10.844)
Player joined the table: poker-alice
Player joined the table: wild-bill
]]></system-out>
  </testcase>
  <testcase name="check_shouldAdvanceState" classname="com.sap.ase.poker.smokeTests.CheckSmokeTest" time="0.008">
    <system-out><![CDATA[
  .   ____          _            __ _ _
 /\\ / ___'_ __ _ _(_)_ __  __ _ \ \ \ \
( ( )\___ | '_ | '_| | '_ \/ _` | \ \ \ \
 \\/  ___)| |_)| | | | | || (_| |  ) ) ) )
  '  |____| .__|_| |_|_| |_\__, | / / / /
 =========|_|==============|___/=/_/_/_/
 :: Spring Boot ::                (v3.1.1)

2024-03-06T13:47:30.714+05:30  INFO 16728 --- [           main] c.s.ase.poker.smokeTests.CheckSmokeTest  : Starting CheckSmokeTest using Java 21.0.1 with PID 16728 (started by I571952 in C:\Users\I571952\Desktop\Classroom Training\poker-app-java)
2024-03-06T13:47:30.715+05:30  INFO 16728 --- [           main] c.s.ase.poker.smokeTests.CheckSmokeTest  : No active profile set, falling back to 1 default profile: "default"
2024-03-06T13:47:31.506+05:30  INFO 16728 --- [           main] o.s.s.web.DefaultSecurityFilterChain     : Will secure any request with [org.springframework.security.web.session.DisableEncodeUrlFilter@4967d14c, org.springframework.security.web.context.request.async.WebAsyncManagerIntegrationFilter@38aa5ffe, org.springframework.security.web.context.SecurityContextHolderFilter@5ab6cb92, org.springframework.security.web.header.HeaderWriterFilter@7f055e1, org.springframework.security.web.authentication.logout.LogoutFilter@45bf1b4e, com.sap.ase.poker.security.JsonUsernamePasswordAuthenticationFilter@551f38b1, org.springframework.security.web.authentication.UsernamePasswordAuthenticationFilter@743fc1ee, com.sap.ase.poker.security.JwtAuthenticationRequestFilter@5f25b34d, org.springframework.security.web.savedrequest.RequestCacheAwareFilter@3a34d64a, org.springframework.security.web.servletapi.SecurityContextHolderAwareRequestFilter@3feec3b0, org.springframework.security.web.authentication.AnonymousAuthenticationFilter@283fe454, org.springframework.security.web.session.SessionManagementFilter@2a5782d7, org.springframework.security.web.access.ExceptionTranslationFilter@6d41b46a, org.springframework.security.web.access.intercept.AuthorizationFilter@109fa8e2]
2024-03-06T13:47:31.530+05:30  INFO 16728 --- [           main] c.s.ase.poker.smokeTests.CheckSmokeTest  : Started CheckSmokeTest in 0.844 seconds (process running for 11.755)
Player joined the table: poker-alice
Player joined the table: wild-bill
]]></system-out>
  </testcase>
  <testcase name="check_afterRaise_throwsIllegalActionException" classname="com.sap.ase.poker.smokeTests.CheckSmokeTest" time="0.005">
    <system-out><![CDATA[
  .   ____          _            __ _ _
 /\\ / ___'_ __ _ _(_)_ __  __ _ \ \ \ \
( ( )\___ | '_ | '_| | '_ \/ _` | \ \ \ \
 \\/  ___)| |_)| | | | | || (_| |  ) ) ) )
  '  |____| .__|_| |_|_| |_\__, | / / / /
 =========|_|==============|___/=/_/_/_/
 :: Spring Boot ::                (v3.1.1)

2024-03-06T13:47:31.565+05:30  INFO 16728 --- [           main] c.s.ase.poker.smokeTests.CheckSmokeTest  : Starting CheckSmokeTest using Java 21.0.1 with PID 16728 (started by I571952 in C:\Users\I571952\Desktop\Classroom Training\poker-app-java)
2024-03-06T13:47:31.566+05:30  INFO 16728 --- [           main] c.s.ase.poker.smokeTests.CheckSmokeTest  : No active profile set, falling back to 1 default profile: "default"
2024-03-06T13:47:32.357+05:30  INFO 16728 --- [           main] o.s.s.web.DefaultSecurityFilterChain     : Will secure any request with [org.springframework.security.web.session.DisableEncodeUrlFilter@6860341b, org.springframework.security.web.context.request.async.WebAsyncManagerIntegrationFilter@668b1faf, org.springframework.security.web.context.SecurityContextHolderFilter@2ece1629, org.springframework.security.web.header.HeaderWriterFilter@1bd7bdf, org.springframework.security.web.authentication.logout.LogoutFilter@1aaf110c, com.sap.ase.poker.security.JsonUsernamePasswordAuthenticationFilter@170df9b8, org.springframework.security.web.authentication.UsernamePasswordAuthenticationFilter@a256322, com.sap.ase.poker.security.JwtAuthenticationRequestFilter@3610b408, org.springframework.security.web.savedrequest.RequestCacheAwareFilter@58178c5e, org.springframework.security.web.servletapi.SecurityContextHolderAwareRequestFilter@329e6700, org.springframework.security.web.authentication.AnonymousAuthenticationFilter@5fb99e3d, org.springframework.security.web.session.SessionManagementFilter@69e0f16, org.springframework.security.web.access.ExceptionTranslationFilter@8afd00e, org.springframework.security.web.access.intercept.AuthorizationFilter@3fd9c5db]
2024-03-06T13:47:32.380+05:30  INFO 16728 --- [           main] c.s.ase.poker.smokeTests.CheckSmokeTest  : Started CheckSmokeTest in 0.838 seconds (process running for 12.605)
Player joined the table: poker-alice
Player joined the table: wild-bill
]]></system-out>
  </testcase>
  <testcase name="check_shouldAdvanceGameState" classname="com.sap.ase.poker.smokeTests.CheckSmokeTest" time="0.007">
    <system-out><![CDATA[
  .   ____          _            __ _ _
 /\\ / ___'_ __ _ _(_)_ __  __ _ \ \ \ \
( ( )\___ | '_ | '_| | '_ \/ _` | \ \ \ \
 \\/  ___)| |_)| | | | | || (_| |  ) ) ) )
  '  |____| .__|_| |_|_| |_\__, | / / / /
 =========|_|==============|___/=/_/_/_/
 :: Spring Boot ::                (v3.1.1)

2024-03-06T13:47:32.415+05:30  INFO 16728 --- [           main] c.s.ase.poker.smokeTests.CheckSmokeTest  : Starting CheckSmokeTest using Java 21.0.1 with PID 16728 (started by I571952 in C:\Users\I571952\Desktop\Classroom Training\poker-app-java)
2024-03-06T13:47:32.416+05:30  INFO 16728 --- [           main] c.s.ase.poker.smokeTests.CheckSmokeTest  : No active profile set, falling back to 1 default profile: "default"
2024-03-06T13:47:33.199+05:30  INFO 16728 --- [           main] o.s.s.web.DefaultSecurityFilterChain     : Will secure any request with [org.springframework.security.web.session.DisableEncodeUrlFilter@6ded49c4, org.springframework.security.web.context.request.async.WebAsyncManagerIntegrationFilter@60729135, org.springframework.security.web.context.SecurityContextHolderFilter@46c2451a, org.springframework.security.web.header.HeaderWriterFilter@6e9c118f, org.springframework.security.web.authentication.logout.LogoutFilter@37b48520, com.sap.ase.poker.security.JsonUsernamePasswordAuthenticationFilter@75e1a63e, org.springframework.security.web.authentication.UsernamePasswordAuthenticationFilter@7e634ead, com.sap.ase.poker.security.JwtAuthenticationRequestFilter@11138809, org.springframework.security.web.savedrequest.RequestCacheAwareFilter@7393a461, org.springframework.security.web.servletapi.SecurityContextHolderAwareRequestFilter@7d8dd3f5, org.springframework.security.web.authentication.AnonymousAuthenticationFilter@16374086, org.springframework.security.web.session.SessionManagementFilter@3d446ba9, org.springframework.security.web.access.ExceptionTranslationFilter@5a8dfd2e, org.springframework.security.web.access.intercept.AuthorizationFilter@4aebeda8]
2024-03-06T13:47:33.224+05:30  INFO 16728 --- [           main] c.s.ase.poker.smokeTests.CheckSmokeTest  : Started CheckSmokeTest in 0.834 seconds (process running for 13.448)
Player joined the table: poker-alice
Player joined the table: wild-bill
]]></system-out>
  </testcase>
</testsuite>